<?xml version="1.0" encoding="UTF-8"?>
<testsuite xmlns:xsi="http://www.w3.org/2001/XMLSchema-instance" xsi:noNamespaceSchemaLocation="https://maven.apache.org/surefire/maven-surefire-plugin/xsd/surefire-test-report-3.0.xsd" version="3.0" name="TestSuite" time="3.331" tests="63" errors="0" skipped="59" failures="4">
  <properties>
    <property name="java.specification.version" value="17"/>
    <property name="webdriver.chrome.driver" value="./chromedriver"/>
    <property name="sun.jnu.encoding" value="UTF-8"/>
    <property name="java.class.path" value="/Users/priyankaverma/amazonFramework/target/test-classes:/Users/priyankaverma/amazonFramework/target/classes:/Users/priyankaverma/.m2/repository/org/seleniumhq/selenium/selenium-java/4.8.1/selenium-java-4.8.1.jar:/Users/priyankaverma/.m2/repository/org/seleniumhq/selenium/selenium-api/4.8.1/selenium-api-4.8.1.jar:/Users/priyankaverma/.m2/repository/org/seleniumhq/selenium/selenium-chrome-driver/4.8.1/selenium-chrome-driver-4.8.1.jar:/Users/priyankaverma/.m2/repository/com/google/auto/service/auto-service-annotations/1.0.1/auto-service-annotations-1.0.1.jar:/Users/priyankaverma/.m2/repository/com/google/auto/service/auto-service/1.0.1/auto-service-1.0.1.jar:/Users/priyankaverma/.m2/repository/com/google/auto/auto-common/1.2/auto-common-1.2.jar:/Users/priyankaverma/.m2/repository/com/google/guava/guava/31.1-jre/guava-31.1-jre.jar:/Users/priyankaverma/.m2/repository/com/google/guava/failureaccess/1.0.1/failureaccess-1.0.1.jar:/Users/priyankaverma/.m2/repository/com/google/guava/listenablefuture/9999.0-empty-to-avoid-conflict-with-guava/listenablefuture-9999.0-empty-to-avoid-conflict-with-guava.jar:/Users/priyankaverma/.m2/repository/com/google/code/findbugs/jsr305/3.0.2/jsr305-3.0.2.jar:/Users/priyankaverma/.m2/repository/org/checkerframework/checker-qual/3.12.0/checker-qual-3.12.0.jar:/Users/priyankaverma/.m2/repository/com/google/errorprone/error_prone_annotations/2.11.0/error_prone_annotations-2.11.0.jar:/Users/priyankaverma/.m2/repository/com/google/j2objc/j2objc-annotations/1.3/j2objc-annotations-1.3.jar:/Users/priyankaverma/.m2/repository/org/seleniumhq/selenium/selenium-chromium-driver/4.8.1/selenium-chromium-driver-4.8.1.jar:/Users/priyankaverma/.m2/repository/org/seleniumhq/selenium/selenium-json/4.8.1/selenium-json-4.8.1.jar:/Users/priyankaverma/.m2/repository/org/seleniumhq/selenium/selenium-devtools-v108/4.8.1/selenium-devtools-v108-4.8.1.jar:/Users/priyankaverma/.m2/repository/org/seleniumhq/selenium/selenium-devtools-v109/4.8.1/selenium-devtools-v109-4.8.1.jar:/Users/priyankaverma/.m2/repository/org/seleniumhq/selenium/selenium-devtools-v110/4.8.1/selenium-devtools-v110-4.8.1.jar:/Users/priyankaverma/.m2/repository/org/seleniumhq/selenium/selenium-devtools-v85/4.8.1/selenium-devtools-v85-4.8.1.jar:/Users/priyankaverma/.m2/repository/org/seleniumhq/selenium/selenium-edge-driver/4.8.1/selenium-edge-driver-4.8.1.jar:/Users/priyankaverma/.m2/repository/org/seleniumhq/selenium/selenium-firefox-driver/4.8.1/selenium-firefox-driver-4.8.1.jar:/Users/priyankaverma/.m2/repository/org/seleniumhq/selenium/selenium-http/4.8.1/selenium-http-4.8.1.jar:/Users/priyankaverma/.m2/repository/dev/failsafe/failsafe/3.3.0/failsafe-3.3.0.jar:/Users/priyankaverma/.m2/repository/org/seleniumhq/selenium/selenium-ie-driver/4.8.1/selenium-ie-driver-4.8.1.jar:/Users/priyankaverma/.m2/repository/org/seleniumhq/selenium/selenium-remote-driver/4.8.1/selenium-remote-driver-4.8.1.jar:/Users/priyankaverma/.m2/repository/io/netty/netty-buffer/4.1.87.Final/netty-buffer-4.1.87.Final.jar:/Users/priyankaverma/.m2/repository/io/netty/netty-codec-http/4.1.87.Final/netty-codec-http-4.1.87.Final.jar:/Users/priyankaverma/.m2/repository/io/netty/netty-codec/4.1.87.Final/netty-codec-4.1.87.Final.jar:/Users/priyankaverma/.m2/repository/io/netty/netty-handler/4.1.87.Final/netty-handler-4.1.87.Final.jar:/Users/priyankaverma/.m2/repository/io/netty/netty-common/4.1.87.Final/netty-common-4.1.87.Final.jar:/Users/priyankaverma/.m2/repository/io/netty/netty-transport-classes-epoll/4.1.87.Final/netty-transport-classes-epoll-4.1.87.Final.jar:/Users/priyankaverma/.m2/repository/io/netty/netty-transport-classes-kqueue/4.1.87.Final/netty-transport-classes-kqueue-4.1.87.Final.jar:/Users/priyankaverma/.m2/repository/io/netty/netty-transport-native-epoll/4.1.87.Final/netty-transport-native-epoll-4.1.87.Final.jar:/Users/priyankaverma/.m2/repository/io/netty/netty-transport-native-kqueue/4.1.87.Final/netty-transport-native-kqueue-4.1.87.Final.jar:/Users/priyankaverma/.m2/repository/io/netty/netty-transport-native-unix-common/4.1.87.Final/netty-transport-native-unix-common-4.1.87.Final.jar:/Users/priyankaverma/.m2/repository/io/netty/netty-transport/4.1.87.Final/netty-transport-4.1.87.Final.jar:/Users/priyankaverma/.m2/repository/io/netty/netty-resolver/4.1.87.Final/netty-resolver-4.1.87.Final.jar:/Users/priyankaverma/.m2/repository/io/opentelemetry/opentelemetry-api/1.22.0/opentelemetry-api-1.22.0.jar:/Users/priyankaverma/.m2/repository/io/opentelemetry/opentelemetry-context/1.22.0/opentelemetry-context-1.22.0.jar:/Users/priyankaverma/.m2/repository/io/opentelemetry/opentelemetry-exporter-logging/1.22.0/opentelemetry-exporter-logging-1.22.0.jar:/Users/priyankaverma/.m2/repository/io/opentelemetry/opentelemetry-sdk-metrics/1.22.0/opentelemetry-sdk-metrics-1.22.0.jar:/Users/priyankaverma/.m2/repository/io/opentelemetry/opentelemetry-sdk-logs/1.22.0-alpha/opentelemetry-sdk-logs-1.22.0-alpha.jar:/Users/priyankaverma/.m2/repository/io/opentelemetry/opentelemetry-api-logs/1.22.0-alpha/opentelemetry-api-logs-1.22.0-alpha.jar:/Users/priyankaverma/.m2/repository/io/opentelemetry/opentelemetry-sdk-common/1.22.0/opentelemetry-sdk-common-1.22.0.jar:/Users/priyankaverma/.m2/repository/io/opentelemetry/opentelemetry-sdk-extension-autoconfigure-spi/1.22.0/opentelemetry-sdk-extension-autoconfigure-spi-1.22.0.jar:/Users/priyankaverma/.m2/repository/io/opentelemetry/opentelemetry-sdk-extension-autoconfigure/1.22.0-alpha/opentelemetry-sdk-extension-autoconfigure-1.22.0-alpha.jar:/Users/priyankaverma/.m2/repository/io/opentelemetry/opentelemetry-sdk-trace/1.22.0/opentelemetry-sdk-trace-1.22.0.jar:/Users/priyankaverma/.m2/repository/io/opentelemetry/opentelemetry-sdk/1.22.0/opentelemetry-sdk-1.22.0.jar:/Users/priyankaverma/.m2/repository/io/opentelemetry/opentelemetry-semconv/1.22.0-alpha/opentelemetry-semconv-1.22.0-alpha.jar:/Users/priyankaverma/.m2/repository/io/ous/jtoml/2.0.0/jtoml-2.0.0.jar:/Users/priyankaverma/.m2/repository/net/bytebuddy/byte-buddy/1.12.22/byte-buddy-1.12.22.jar:/Users/priyankaverma/.m2/repository/org/apache/commons/commons-exec/1.3/commons-exec-1.3.jar:/Users/priyankaverma/.m2/repository/org/asynchttpclient/async-http-client/2.12.3/async-http-client-2.12.3.jar:/Users/priyankaverma/.m2/repository/org/asynchttpclient/async-http-client-netty-utils/2.12.3/async-http-client-netty-utils-2.12.3.jar:/Users/priyankaverma/.m2/repository/io/netty/netty-codec-socks/4.1.60.Final/netty-codec-socks-4.1.60.Final.jar:/Users/priyankaverma/.m2/repository/io/netty/netty-handler-proxy/4.1.60.Final/netty-handler-proxy-4.1.60.Final.jar:/Users/priyankaverma/.m2/repository/io/netty/netty-transport-native-epoll/4.1.60.Final/netty-transport-native-epoll-4.1.60.Final-linux-x86_64.jar:/Users/priyankaverma/.m2/repository/io/netty/netty-transport-native-kqueue/4.1.60.Final/netty-transport-native-kqueue-4.1.60.Final-osx-x86_64.jar:/Users/priyankaverma/.m2/repository/org/reactivestreams/reactive-streams/1.0.3/reactive-streams-1.0.3.jar:/Users/priyankaverma/.m2/repository/com/typesafe/netty/netty-reactive-streams/2.0.4/netty-reactive-streams-2.0.4.jar:/Users/priyankaverma/.m2/repository/com/sun/activation/jakarta.activation/1.2.2/jakarta.activation-1.2.2.jar:/Users/priyankaverma/.m2/repository/org/seleniumhq/selenium/selenium-manager/4.8.1/selenium-manager-4.8.1.jar:/Users/priyankaverma/.m2/repository/org/seleniumhq/selenium/selenium-safari-driver/4.8.1/selenium-safari-driver-4.8.1.jar:/Users/priyankaverma/.m2/repository/org/seleniumhq/selenium/selenium-support/4.8.1/selenium-support-4.8.1.jar:/Users/priyankaverma/.m2/repository/com/aventstack/extentreports/4.0.9/extentreports-4.0.9.jar:/Users/priyankaverma/.m2/repository/org/freemarker/freemarker/2.3.23/freemarker-2.3.23.jar:/Users/priyankaverma/.m2/repository/org/mongodb/mongodb-driver/3.3.0/mongodb-driver-3.3.0.jar:/Users/priyankaverma/.m2/repository/org/mongodb/mongodb-driver-core/3.3.0/mongodb-driver-core-3.3.0.jar:/Users/priyankaverma/.m2/repository/org/mongodb/bson/3.3.0/bson-3.3.0.jar:/Users/priyankaverma/.m2/repository/org/apache/httpcomponents/httpclient/4.5.2/httpclient-4.5.2.jar:/Users/priyankaverma/.m2/repository/org/apache/httpcomponents/httpcore/4.4.4/httpcore-4.4.4.jar:/Users/priyankaverma/.m2/repository/commons-logging/commons-logging/1.2/commons-logging-1.2.jar:/Users/priyankaverma/.m2/repository/commons-codec/commons-codec/1.9/commons-codec-1.9.jar:/Users/priyankaverma/.m2/repository/org/apache/httpcomponents/httpmime/4.5.2/httpmime-4.5.2.jar:/Users/priyankaverma/.m2/repository/com/google/code/gson/gson/2.8.5/gson-2.8.5.jar:/Users/priyankaverma/.m2/repository/org/projectlombok/lombok/1.18.26/lombok-1.18.26.jar:/Users/priyankaverma/.m2/repository/org/testng/testng/7.7.1/testng-7.7.1.jar:/Users/priyankaverma/.m2/repository/org/slf4j/slf4j-api/1.7.36/slf4j-api-1.7.36.jar:/Users/priyankaverma/.m2/repository/com/beust/jcommander/1.82/jcommander-1.82.jar:/Users/priyankaverma/.m2/repository/org/webjars/jquery/3.6.1/jquery-3.6.1.jar:/Users/priyankaverma/.m2/repository/io/cucumber/cucumber-java/7.11.1/cucumber-java-7.11.1.jar:/Users/priyankaverma/.m2/repository/io/cucumber/cucumber-core/7.11.1/cucumber-core-7.11.1.jar:/Users/priyankaverma/.m2/repository/io/cucumber/cucumber-gherkin/7.11.1/cucumber-gherkin-7.11.1.jar:/Users/priyankaverma/.m2/repository/io/cucumber/cucumber-gherkin-messages/7.11.1/cucumber-gherkin-messages-7.11.1.jar:/Users/priyankaverma/.m2/repository/io/cucumber/gherkin/26.0.3/gherkin-26.0.3.jar:/Users/priyankaverma/.m2/repository/io/cucumber/messages/21.0.1/messages-21.0.1.jar:/Users/priyankaverma/.m2/repository/io/cucumber/tag-expressions/5.0.1/tag-expressions-5.0.1.jar:/Users/priyankaverma/.m2/repository/io/cucumber/cucumber-expressions/16.1.2/cucumber-expressions-16.1.2.jar:/Users/priyankaverma/.m2/repository/io/cucumber/datatable/7.11.1/datatable-7.11.1.jar:/Users/priyankaverma/.m2/repository/io/cucumber/cucumber-plugin/7.11.1/cucumber-plugin-7.11.1.jar:/Users/priyankaverma/.m2/repository/io/cucumber/docstring/7.11.1/docstring-7.11.1.jar:/Users/priyankaverma/.m2/repository/io/cucumber/html-formatter/20.2.1/html-formatter-20.2.1.jar:/Users/priyankaverma/.m2/repository/io/cucumber/junit-xml-formatter/0.1.0/junit-xml-formatter-0.1.0.jar:/Users/priyankaverma/.m2/repository/io/cucumber/ci-environment/9.1.0/ci-environment-9.1.0.jar:/Users/priyankaverma/.m2/repository/org/apiguardian/apiguardian-api/1.1.2/apiguardian-api-1.1.2.jar:/Users/priyankaverma/.m2/repository/io/cucumber/cucumber-testng/7.11.1/cucumber-testng-7.11.1.jar:/Users/priyankaverma/.m2/repository/com/fasterxml/jackson/core/jackson-databind/2.14.2/jackson-databind-2.14.2.jar:/Users/priyankaverma/.m2/repository/com/fasterxml/jackson/core/jackson-annotations/2.14.2/jackson-annotations-2.14.2.jar:/Users/priyankaverma/.m2/repository/com/fasterxml/jackson/core/jackson-core/2.14.2/jackson-core-2.14.2.jar:/Users/priyankaverma/.m2/repository/commons-io/commons-io/2.11.0/commons-io-2.11.0.jar:/Users/priyankaverma/.m2/repository/com/fasterxml/jackson/dataformat/jackson-dataformat-yaml/2.15.0-rc2/jackson-dataformat-yaml-2.15.0-rc2.jar:/Users/priyankaverma/.m2/repository/org/yaml/snakeyaml/2.0/snakeyaml-2.0.jar:/Users/priyankaverma/.m2/repository/org/springframework/spring-context/6.0.7/spring-context-6.0.7.jar:/Users/priyankaverma/.m2/repository/org/springframework/spring-aop/6.0.7/spring-aop-6.0.7.jar:/Users/priyankaverma/.m2/repository/org/springframework/spring-beans/6.0.7/spring-beans-6.0.7.jar:/Users/priyankaverma/.m2/repository/org/springframework/spring-core/6.0.7/spring-core-6.0.7.jar:/Users/priyankaverma/.m2/repository/org/springframework/spring-jcl/6.0.7/spring-jcl-6.0.7.jar:/Users/priyankaverma/.m2/repository/org/springframework/spring-expression/6.0.7/spring-expression-6.0.7.jar:/Users/priyankaverma/.m2/repository/com/mysql/mysql-connector-j/8.0.32/mysql-connector-j-8.0.32.jar:/Users/priyankaverma/.m2/repository/com/google/protobuf/protobuf-java/3.21.9/protobuf-java-3.21.9.jar:"/>
    <property name="java.vm.vendor" value="Oracle Corporation"/>
    <property name="sun.arch.data.model" value="64"/>
    <property name="java.vendor.url" value="https://java.oracle.com/"/>
    <property name="user.timezone" value="America/Toronto"/>
    <property name="os.name" value="Mac OS X"/>
    <property name="java.vm.specification.version" value="17"/>
    <property name="sun.java.launcher" value="SUN_STANDARD"/>
    <property name="user.country" value="CA"/>
    <property name="sun.boot.library.path" value="/Library/Java/JavaVirtualMachines/jdk-17.0.2.jdk/Contents/Home/lib"/>
    <property name="sun.java.command" value="/Users/priyankaverma/amazonFramework/target/surefire/surefirebooter-20230418190703384_3.jar /Users/priyankaverma/amazonFramework/target/surefire 2023-04-18T19-07-03_209-jvmRun1 surefire-20230418190703384_1tmp surefire_0-20230418190703384_2tmp"/>
    <property name="http.nonProxyHosts" value="local|*.local|169.254/16|*.169.254/16"/>
    <property name="jdk.debug" value="release"/>
    <property name="surefire.test.class.path" value="/Users/priyankaverma/amazonFramework/target/test-classes:/Users/priyankaverma/amazonFramework/target/classes:/Users/priyankaverma/.m2/repository/org/seleniumhq/selenium/selenium-java/4.8.1/selenium-java-4.8.1.jar:/Users/priyankaverma/.m2/repository/org/seleniumhq/selenium/selenium-api/4.8.1/selenium-api-4.8.1.jar:/Users/priyankaverma/.m2/repository/org/seleniumhq/selenium/selenium-chrome-driver/4.8.1/selenium-chrome-driver-4.8.1.jar:/Users/priyankaverma/.m2/repository/com/google/auto/service/auto-service-annotations/1.0.1/auto-service-annotations-1.0.1.jar:/Users/priyankaverma/.m2/repository/com/google/auto/service/auto-service/1.0.1/auto-service-1.0.1.jar:/Users/priyankaverma/.m2/repository/com/google/auto/auto-common/1.2/auto-common-1.2.jar:/Users/priyankaverma/.m2/repository/com/google/guava/guava/31.1-jre/guava-31.1-jre.jar:/Users/priyankaverma/.m2/repository/com/google/guava/failureaccess/1.0.1/failureaccess-1.0.1.jar:/Users/priyankaverma/.m2/repository/com/google/guava/listenablefuture/9999.0-empty-to-avoid-conflict-with-guava/listenablefuture-9999.0-empty-to-avoid-conflict-with-guava.jar:/Users/priyankaverma/.m2/repository/com/google/code/findbugs/jsr305/3.0.2/jsr305-3.0.2.jar:/Users/priyankaverma/.m2/repository/org/checkerframework/checker-qual/3.12.0/checker-qual-3.12.0.jar:/Users/priyankaverma/.m2/repository/com/google/errorprone/error_prone_annotations/2.11.0/error_prone_annotations-2.11.0.jar:/Users/priyankaverma/.m2/repository/com/google/j2objc/j2objc-annotations/1.3/j2objc-annotations-1.3.jar:/Users/priyankaverma/.m2/repository/org/seleniumhq/selenium/selenium-chromium-driver/4.8.1/selenium-chromium-driver-4.8.1.jar:/Users/priyankaverma/.m2/repository/org/seleniumhq/selenium/selenium-json/4.8.1/selenium-json-4.8.1.jar:/Users/priyankaverma/.m2/repository/org/seleniumhq/selenium/selenium-devtools-v108/4.8.1/selenium-devtools-v108-4.8.1.jar:/Users/priyankaverma/.m2/repository/org/seleniumhq/selenium/selenium-devtools-v109/4.8.1/selenium-devtools-v109-4.8.1.jar:/Users/priyankaverma/.m2/repository/org/seleniumhq/selenium/selenium-devtools-v110/4.8.1/selenium-devtools-v110-4.8.1.jar:/Users/priyankaverma/.m2/repository/org/seleniumhq/selenium/selenium-devtools-v85/4.8.1/selenium-devtools-v85-4.8.1.jar:/Users/priyankaverma/.m2/repository/org/seleniumhq/selenium/selenium-edge-driver/4.8.1/selenium-edge-driver-4.8.1.jar:/Users/priyankaverma/.m2/repository/org/seleniumhq/selenium/selenium-firefox-driver/4.8.1/selenium-firefox-driver-4.8.1.jar:/Users/priyankaverma/.m2/repository/org/seleniumhq/selenium/selenium-http/4.8.1/selenium-http-4.8.1.jar:/Users/priyankaverma/.m2/repository/dev/failsafe/failsafe/3.3.0/failsafe-3.3.0.jar:/Users/priyankaverma/.m2/repository/org/seleniumhq/selenium/selenium-ie-driver/4.8.1/selenium-ie-driver-4.8.1.jar:/Users/priyankaverma/.m2/repository/org/seleniumhq/selenium/selenium-remote-driver/4.8.1/selenium-remote-driver-4.8.1.jar:/Users/priyankaverma/.m2/repository/io/netty/netty-buffer/4.1.87.Final/netty-buffer-4.1.87.Final.jar:/Users/priyankaverma/.m2/repository/io/netty/netty-codec-http/4.1.87.Final/netty-codec-http-4.1.87.Final.jar:/Users/priyankaverma/.m2/repository/io/netty/netty-codec/4.1.87.Final/netty-codec-4.1.87.Final.jar:/Users/priyankaverma/.m2/repository/io/netty/netty-handler/4.1.87.Final/netty-handler-4.1.87.Final.jar:/Users/priyankaverma/.m2/repository/io/netty/netty-common/4.1.87.Final/netty-common-4.1.87.Final.jar:/Users/priyankaverma/.m2/repository/io/netty/netty-transport-classes-epoll/4.1.87.Final/netty-transport-classes-epoll-4.1.87.Final.jar:/Users/priyankaverma/.m2/repository/io/netty/netty-transport-classes-kqueue/4.1.87.Final/netty-transport-classes-kqueue-4.1.87.Final.jar:/Users/priyankaverma/.m2/repository/io/netty/netty-transport-native-epoll/4.1.87.Final/netty-transport-native-epoll-4.1.87.Final.jar:/Users/priyankaverma/.m2/repository/io/netty/netty-transport-native-kqueue/4.1.87.Final/netty-transport-native-kqueue-4.1.87.Final.jar:/Users/priyankaverma/.m2/repository/io/netty/netty-transport-native-unix-common/4.1.87.Final/netty-transport-native-unix-common-4.1.87.Final.jar:/Users/priyankaverma/.m2/repository/io/netty/netty-transport/4.1.87.Final/netty-transport-4.1.87.Final.jar:/Users/priyankaverma/.m2/repository/io/netty/netty-resolver/4.1.87.Final/netty-resolver-4.1.87.Final.jar:/Users/priyankaverma/.m2/repository/io/opentelemetry/opentelemetry-api/1.22.0/opentelemetry-api-1.22.0.jar:/Users/priyankaverma/.m2/repository/io/opentelemetry/opentelemetry-context/1.22.0/opentelemetry-context-1.22.0.jar:/Users/priyankaverma/.m2/repository/io/opentelemetry/opentelemetry-exporter-logging/1.22.0/opentelemetry-exporter-logging-1.22.0.jar:/Users/priyankaverma/.m2/repository/io/opentelemetry/opentelemetry-sdk-metrics/1.22.0/opentelemetry-sdk-metrics-1.22.0.jar:/Users/priyankaverma/.m2/repository/io/opentelemetry/opentelemetry-sdk-logs/1.22.0-alpha/opentelemetry-sdk-logs-1.22.0-alpha.jar:/Users/priyankaverma/.m2/repository/io/opentelemetry/opentelemetry-api-logs/1.22.0-alpha/opentelemetry-api-logs-1.22.0-alpha.jar:/Users/priyankaverma/.m2/repository/io/opentelemetry/opentelemetry-sdk-common/1.22.0/opentelemetry-sdk-common-1.22.0.jar:/Users/priyankaverma/.m2/repository/io/opentelemetry/opentelemetry-sdk-extension-autoconfigure-spi/1.22.0/opentelemetry-sdk-extension-autoconfigure-spi-1.22.0.jar:/Users/priyankaverma/.m2/repository/io/opentelemetry/opentelemetry-sdk-extension-autoconfigure/1.22.0-alpha/opentelemetry-sdk-extension-autoconfigure-1.22.0-alpha.jar:/Users/priyankaverma/.m2/repository/io/opentelemetry/opentelemetry-sdk-trace/1.22.0/opentelemetry-sdk-trace-1.22.0.jar:/Users/priyankaverma/.m2/repository/io/opentelemetry/opentelemetry-sdk/1.22.0/opentelemetry-sdk-1.22.0.jar:/Users/priyankaverma/.m2/repository/io/opentelemetry/opentelemetry-semconv/1.22.0-alpha/opentelemetry-semconv-1.22.0-alpha.jar:/Users/priyankaverma/.m2/repository/io/ous/jtoml/2.0.0/jtoml-2.0.0.jar:/Users/priyankaverma/.m2/repository/net/bytebuddy/byte-buddy/1.12.22/byte-buddy-1.12.22.jar:/Users/priyankaverma/.m2/repository/org/apache/commons/commons-exec/1.3/commons-exec-1.3.jar:/Users/priyankaverma/.m2/repository/org/asynchttpclient/async-http-client/2.12.3/async-http-client-2.12.3.jar:/Users/priyankaverma/.m2/repository/org/asynchttpclient/async-http-client-netty-utils/2.12.3/async-http-client-netty-utils-2.12.3.jar:/Users/priyankaverma/.m2/repository/io/netty/netty-codec-socks/4.1.60.Final/netty-codec-socks-4.1.60.Final.jar:/Users/priyankaverma/.m2/repository/io/netty/netty-handler-proxy/4.1.60.Final/netty-handler-proxy-4.1.60.Final.jar:/Users/priyankaverma/.m2/repository/io/netty/netty-transport-native-epoll/4.1.60.Final/netty-transport-native-epoll-4.1.60.Final-linux-x86_64.jar:/Users/priyankaverma/.m2/repository/io/netty/netty-transport-native-kqueue/4.1.60.Final/netty-transport-native-kqueue-4.1.60.Final-osx-x86_64.jar:/Users/priyankaverma/.m2/repository/org/reactivestreams/reactive-streams/1.0.3/reactive-streams-1.0.3.jar:/Users/priyankaverma/.m2/repository/com/typesafe/netty/netty-reactive-streams/2.0.4/netty-reactive-streams-2.0.4.jar:/Users/priyankaverma/.m2/repository/com/sun/activation/jakarta.activation/1.2.2/jakarta.activation-1.2.2.jar:/Users/priyankaverma/.m2/repository/org/seleniumhq/selenium/selenium-manager/4.8.1/selenium-manager-4.8.1.jar:/Users/priyankaverma/.m2/repository/org/seleniumhq/selenium/selenium-safari-driver/4.8.1/selenium-safari-driver-4.8.1.jar:/Users/priyankaverma/.m2/repository/org/seleniumhq/selenium/selenium-support/4.8.1/selenium-support-4.8.1.jar:/Users/priyankaverma/.m2/repository/com/aventstack/extentreports/4.0.9/extentreports-4.0.9.jar:/Users/priyankaverma/.m2/repository/org/freemarker/freemarker/2.3.23/freemarker-2.3.23.jar:/Users/priyankaverma/.m2/repository/org/mongodb/mongodb-driver/3.3.0/mongodb-driver-3.3.0.jar:/Users/priyankaverma/.m2/repository/org/mongodb/mongodb-driver-core/3.3.0/mongodb-driver-core-3.3.0.jar:/Users/priyankaverma/.m2/repository/org/mongodb/bson/3.3.0/bson-3.3.0.jar:/Users/priyankaverma/.m2/repository/org/apache/httpcomponents/httpclient/4.5.2/httpclient-4.5.2.jar:/Users/priyankaverma/.m2/repository/org/apache/httpcomponents/httpcore/4.4.4/httpcore-4.4.4.jar:/Users/priyankaverma/.m2/repository/commons-logging/commons-logging/1.2/commons-logging-1.2.jar:/Users/priyankaverma/.m2/repository/commons-codec/commons-codec/1.9/commons-codec-1.9.jar:/Users/priyankaverma/.m2/repository/org/apache/httpcomponents/httpmime/4.5.2/httpmime-4.5.2.jar:/Users/priyankaverma/.m2/repository/com/google/code/gson/gson/2.8.5/gson-2.8.5.jar:/Users/priyankaverma/.m2/repository/org/projectlombok/lombok/1.18.26/lombok-1.18.26.jar:/Users/priyankaverma/.m2/repository/org/testng/testng/7.7.1/testng-7.7.1.jar:/Users/priyankaverma/.m2/repository/org/slf4j/slf4j-api/1.7.36/slf4j-api-1.7.36.jar:/Users/priyankaverma/.m2/repository/com/beust/jcommander/1.82/jcommander-1.82.jar:/Users/priyankaverma/.m2/repository/org/webjars/jquery/3.6.1/jquery-3.6.1.jar:/Users/priyankaverma/.m2/repository/io/cucumber/cucumber-java/7.11.1/cucumber-java-7.11.1.jar:/Users/priyankaverma/.m2/repository/io/cucumber/cucumber-core/7.11.1/cucumber-core-7.11.1.jar:/Users/priyankaverma/.m2/repository/io/cucumber/cucumber-gherkin/7.11.1/cucumber-gherkin-7.11.1.jar:/Users/priyankaverma/.m2/repository/io/cucumber/cucumber-gherkin-messages/7.11.1/cucumber-gherkin-messages-7.11.1.jar:/Users/priyankaverma/.m2/repository/io/cucumber/gherkin/26.0.3/gherkin-26.0.3.jar:/Users/priyankaverma/.m2/repository/io/cucumber/messages/21.0.1/messages-21.0.1.jar:/Users/priyankaverma/.m2/repository/io/cucumber/tag-expressions/5.0.1/tag-expressions-5.0.1.jar:/Users/priyankaverma/.m2/repository/io/cucumber/cucumber-expressions/16.1.2/cucumber-expressions-16.1.2.jar:/Users/priyankaverma/.m2/repository/io/cucumber/datatable/7.11.1/datatable-7.11.1.jar:/Users/priyankaverma/.m2/repository/io/cucumber/cucumber-plugin/7.11.1/cucumber-plugin-7.11.1.jar:/Users/priyankaverma/.m2/repository/io/cucumber/docstring/7.11.1/docstring-7.11.1.jar:/Users/priyankaverma/.m2/repository/io/cucumber/html-formatter/20.2.1/html-formatter-20.2.1.jar:/Users/priyankaverma/.m2/repository/io/cucumber/junit-xml-formatter/0.1.0/junit-xml-formatter-0.1.0.jar:/Users/priyankaverma/.m2/repository/io/cucumber/ci-environment/9.1.0/ci-environment-9.1.0.jar:/Users/priyankaverma/.m2/repository/org/apiguardian/apiguardian-api/1.1.2/apiguardian-api-1.1.2.jar:/Users/priyankaverma/.m2/repository/io/cucumber/cucumber-testng/7.11.1/cucumber-testng-7.11.1.jar:/Users/priyankaverma/.m2/repository/com/fasterxml/jackson/core/jackson-databind/2.14.2/jackson-databind-2.14.2.jar:/Users/priyankaverma/.m2/repository/com/fasterxml/jackson/core/jackson-annotations/2.14.2/jackson-annotations-2.14.2.jar:/Users/priyankaverma/.m2/repository/com/fasterxml/jackson/core/jackson-core/2.14.2/jackson-core-2.14.2.jar:/Users/priyankaverma/.m2/repository/commons-io/commons-io/2.11.0/commons-io-2.11.0.jar:/Users/priyankaverma/.m2/repository/com/fasterxml/jackson/dataformat/jackson-dataformat-yaml/2.15.0-rc2/jackson-dataformat-yaml-2.15.0-rc2.jar:/Users/priyankaverma/.m2/repository/org/yaml/snakeyaml/2.0/snakeyaml-2.0.jar:/Users/priyankaverma/.m2/repository/org/springframework/spring-context/6.0.7/spring-context-6.0.7.jar:/Users/priyankaverma/.m2/repository/org/springframework/spring-aop/6.0.7/spring-aop-6.0.7.jar:/Users/priyankaverma/.m2/repository/org/springframework/spring-beans/6.0.7/spring-beans-6.0.7.jar:/Users/priyankaverma/.m2/repository/org/springframework/spring-core/6.0.7/spring-core-6.0.7.jar:/Users/priyankaverma/.m2/repository/org/springframework/spring-jcl/6.0.7/spring-jcl-6.0.7.jar:/Users/priyankaverma/.m2/repository/org/springframework/spring-expression/6.0.7/spring-expression-6.0.7.jar:/Users/priyankaverma/.m2/repository/com/mysql/mysql-connector-j/8.0.32/mysql-connector-j-8.0.32.jar:/Users/priyankaverma/.m2/repository/com/google/protobuf/protobuf-java/3.21.9/protobuf-java-3.21.9.jar:"/>
    <property name="sun.cpu.endian" value="little"/>
    <property name="user.home" value="/Users/priyankaverma"/>
    <property name="user.language" value="en"/>
    <property name="java.specification.vendor" value="Oracle Corporation"/>
    <property name="java.version.date" value="2022-01-18"/>
    <property name="java.home" value="/Library/Java/JavaVirtualMachines/jdk-17.0.2.jdk/Contents/Home"/>
    <property name="file.separator" value="/"/>
    <property name="basedir" value="/Users/priyankaverma/amazonFramework"/>
    <property name="java.vm.compressedOopsMode" value="Zero based"/>
    <property name="line.separator" value="&#10;"/>
    <property name="java.vm.specification.vendor" value="Oracle Corporation"/>
    <property name="java.specification.name" value="Java Platform API Specification"/>
    <property name="surefire.real.class.path" value="/Users/priyankaverma/amazonFramework/target/surefire/surefirebooter-20230418190703384_3.jar"/>
    <property name="sun.management.compiler" value="HotSpot 64-Bit Tiered Compilers"/>
    <property name="ftp.nonProxyHosts" value="local|*.local|169.254/16|*.169.254/16"/>
    <property name="java.runtime.version" value="17.0.2+8-LTS-86"/>
    <property name="user.name" value="priyankaverma"/>
    <property name="path.separator" value=":"/>
    <property name="os.version" value="13.2.1"/>
    <property name="java.runtime.name" value="Java(TM) SE Runtime Environment"/>
    <property name="file.encoding" value="UTF-8"/>
    <property name="java.vm.name" value="Java HotSpot(TM) 64-Bit Server VM"/>
    <property name="localRepository" value="/Users/priyankaverma/.m2/repository"/>
    <property name="java.vendor.url.bug" value="https://bugreport.java.com/bugreport/"/>
    <property name="java.io.tmpdir" value="/var/folders/1j/v9fd2x_s65v3mps7c_lzlnjm0000gn/T/"/>
    <property name="idea.version" value="2021.3.2"/>
    <property name="java.version" value="17.0.2"/>
    <property name="user.dir" value="/Users/priyankaverma/amazonFramework"/>
    <property name="os.arch" value="x86_64"/>
    <property name="java.vm.specification.name" value="Java Virtual Machine Specification"/>
    <property name="native.encoding" value="UTF-8"/>
    <property name="java.library.path" value="/Users/priyankaverma/Library/Java/Extensions:/Library/Java/Extensions:/Network/Library/Java/Extensions:/System/Library/Java/Extensions:/usr/lib/java:."/>
    <property name="java.vm.info" value="mixed mode, sharing"/>
    <property name="java.vendor" value="Oracle Corporation"/>
    <property name="java.vm.version" value="17.0.2+8-LTS-86"/>
    <property name="sun.io.unicode.encoding" value="UnicodeBig"/>
    <property name="socksNonProxyHosts" value="local|*.local|169.254/16|*.169.254/16"/>
    <property name="java.class.version" value="61.0"/>
  </properties>
  <testcase name="launchApplication" classname="tests.shoppingFunctionality" time="2.016">
    <failure message="The driver executable must exist: /Users/priyankaverma/amazonFramework/./chromedriver" type="java.lang.IllegalStateException"><![CDATA[java.lang.IllegalStateException: The driver executable must exist: /Users/priyankaverma/amazonFramework/./chromedriver
	at org.openqa.selenium.internal.Require$FileStateChecker.isFile(Require.java:345)
	at org.openqa.selenium.remote.service.DriverService.checkExecutable(DriverService.java:161)
	at org.openqa.selenium.remote.service.DriverService.findExecutable(DriverService.java:156)
	at org.openqa.selenium.chrome.ChromeDriverService.access$000(ChromeDriverService.java:42)
	at org.openqa.selenium.chrome.ChromeDriverService$Builder.findDefaultExecutable(ChromeDriverService.java:315)
	at org.openqa.selenium.remote.service.DriverService$Builder.build(DriverService.java:456)
	at org.openqa.selenium.chrome.ChromeDriverService.createServiceWithConfig(ChromeDriverService.java:165)
	at org.openqa.selenium.chrome.ChromeDriver.<init>(ChromeDriver.java:71)
	at mainTestComponents.BaseTest.initializeDriver(BaseTest.java:41)
	at mainTestComponents.BaseTest.launchApplication(BaseTest.java:72)
	at java.base/jdk.internal.reflect.NativeMethodAccessorImpl.invoke0(Native Method)
	at java.base/jdk.internal.reflect.NativeMethodAccessorImpl.invoke(NativeMethodAccessorImpl.java:77)
	at java.base/jdk.internal.reflect.DelegatingMethodAccessorImpl.invoke(DelegatingMethodAccessorImpl.java:43)
	at java.base/java.lang.reflect.Method.invoke(Method.java:568)
	at org.testng.internal.invokers.MethodInvocationHelper.invokeMethod(MethodInvocationHelper.java:139)
	at org.testng.internal.invokers.MethodInvocationHelper.invokeMethodConsideringTimeout(MethodInvocationHelper.java:69)
	at org.testng.internal.invokers.ConfigInvoker.invokeConfigurationMethod(ConfigInvoker.java:361)
	at org.testng.internal.invokers.ConfigInvoker.invokeConfigurations(ConfigInvoker.java:296)
	at org.testng.internal.invokers.TestInvoker.runConfigMethods(TestInvoker.java:823)
	at org.testng.internal.invokers.TestInvoker.invokeMethod(TestInvoker.java:590)
	at org.testng.internal.invokers.TestInvoker.invokeTestMethod(TestInvoker.java:221)
	at org.testng.internal.invokers.MethodRunner.runInSequence(MethodRunner.java:50)
	at org.testng.internal.invokers.TestInvoker$MethodInvocationAgent.invoke(TestInvoker.java:969)
	at org.testng.internal.invokers.TestInvoker.invokeTestMethods(TestInvoker.java:194)
	at org.testng.internal.invokers.TestMethodWorker.invokeTestMethods(TestMethodWorker.java:148)
	at org.testng.internal.invokers.TestMethodWorker.run(TestMethodWorker.java:128)
	at java.base/java.util.concurrent.ThreadPoolExecutor.runWorker(ThreadPoolExecutor.java:1136)
	at java.base/java.util.concurrent.ThreadPoolExecutor$Worker.run(ThreadPoolExecutor.java:635)
	at java.base/java.lang.Thread.run(Thread.java:833)
]]></failure>
    <system-out><![CDATA[null
webdriver.chrome.driver
null
pythontesting3134@gmail.com
null
webdriver.chrome.driver
null
pythontesting3134@gmail.com
null
webdriver.chrome.driver
null
webdriver.chrome.driver
null
pythontesting3134@gmail.com
null
webdriver.chrome.driver
null
pythontesting3134@gmail.com
null
webdriver.chrome.driver
null
pythontesting3134@gmail.com
null
webdriver.chrome.driver
null
webdriver.chrome.driver
null
pythontesting3134@gmail.com
]]></system-out>
    <system-err><![CDATA[SLF4J: Failed to load class "org.slf4j.impl.StaticLoggerBinder".
SLF4J: Defaulting to no-operation (NOP) logger implementation
SLF4J: See http://www.slf4j.org/codes.html#StaticLoggerBinder for further details.
]]></system-err>
  </testcase>
  <testcase name="launchApplication" classname="tests.shoppingFunctionality" time="0">
    <skipped/>
  </testcase>
  <testcase name="launchApplication" classname="tests.shoppingFunctionality" time="0">
    <skipped/>
  </testcase>
  <testcase name="launchApplication" classname="tests.shoppingFunctionality" time="0">
    <skipped/>
  </testcase>
  <testcase name="launchApplication" classname="tests.shoppingFunctionality" time="0">
    <skipped/>
  </testcase>
  <testcase name="launchApplication" classname="tests.shoppingFunctionality" time="0">
    <skipped/>
  </testcase>
  <testcase name="launchApplication" classname="tests.shoppingFunctionality" time="0">
    <skipped/>
  </testcase>
  <testcase name="launchApplication" classname="tests.shoppingFunctionality" time="0">
    <skipped/>
  </testcase>
  <testcase name="launchApplication" classname="tests.shoppingFunctionality" time="0">
    <skipped/>
  </testcase>
  <testcase name="launchApplication" classname="tests.shoppingFunctionality" time="0">
    <skipped/>
  </testcase>
  <testcase name="launchApplication" classname="tests.shoppingFunctionality" time="0">
    <skipped/>
  </testcase>
  <testcase name="launchApplication" classname="tests.shoppingFunctionality" time="0">
    <skipped/>
  </testcase>
  <testcase name="addProductAfterSignIn" classname="tests.shoppingFunctionality" time="0">
    <skipped message="The driver executable must exist: /Users/priyankaverma/amazonFramework/./chromedriver"/>
  </testcase>
  <testcase name="closing" classname="tests.shoppingFunctionality" time="0">
    <skipped/>
  </testcase>
  <testcase name="closing" classname="tests.shoppingFunctionality" time="0">
    <skipped/>
  </testcase>
  <testcase name="closing" classname="tests.shoppingFunctionality" time="0">
    <skipped/>
  </testcase>
  <testcase name="closing" classname="tests.shoppingFunctionality" time="0">
    <skipped/>
  </testcase>
  <testcase name="closing" classname="tests.shoppingFunctionality" time="0">
    <skipped/>
  </testcase>
  <testcase name="closing" classname="tests.shoppingFunctionality" time="0">
    <skipped/>
  </testcase>
  <testcase name="closing" classname="tests.shoppingFunctionality" time="0">
    <skipped/>
  </testcase>
  <testcase name="closing" classname="tests.shoppingFunctionality" time="0">
    <skipped/>
  </testcase>
  <testcase name="closing" classname="tests.shoppingFunctionality" time="0">
    <skipped/>
  </testcase>
  <testcase name="closing" classname="tests.shoppingFunctionality" time="0">
    <skipped/>
  </testcase>
  <testcase name="closing" classname="tests.shoppingFunctionality" time="0">
    <skipped/>
  </testcase>
  <testcase name="closing" classname="tests.shoppingFunctionality" time="0">
    <skipped/>
  </testcase>
  <testcase name="addProductWithoutSignIn" classname="tests.shoppingFunctionality" time="0">
    <skipped message="The driver executable must exist: /Users/priyankaverma/amazonFramework/./chromedriver"/>
  </testcase>
  <testcase name="buyNowButton" classname="tests.shoppingFunctionality" time="0">
    <skipped message="The driver executable must exist: /Users/priyankaverma/amazonFramework/./chromedriver"/>
  </testcase>
  <testcase name="charText" classname="tests.shoppingFunctionality" time="0">
    <skipped message="The driver executable must exist: /Users/priyankaverma/amazonFramework/./chromedriver"/>
  </testcase>
  <testcase name="editQuantity" classname="tests.shoppingFunctionality" time="0">
    <skipped message="The driver executable must exist: /Users/priyankaverma/amazonFramework/./chromedriver"/>
  </testcase>
  <testcase name="filterElements" classname="tests.shoppingFunctionality" time="0">
    <skipped message="The driver executable must exist: /Users/priyankaverma/amazonFramework/./chromedriver"/>
  </testcase>
  <testcase name="filterFunctionality" classname="tests.shoppingFunctionality" time="0">
    <skipped message="The driver executable must exist: /Users/priyankaverma/amazonFramework/./chromedriver"/>
  </testcase>
  <testcase name="invalidText" classname="tests.shoppingFunctionality" time="0">
    <skipped message="The driver executable must exist: /Users/priyankaverma/amazonFramework/./chromedriver"/>
  </testcase>
  <testcase name="navigation" classname="tests.shoppingFunctionality" time="0">
    <skipped message="The driver executable must exist: /Users/priyankaverma/amazonFramework/./chromedriver"/>
  </testcase>
  <testcase name="removeProductsFromCart" classname="tests.shoppingFunctionality" time="0">
    <skipped message="The driver executable must exist: /Users/priyankaverma/amazonFramework/./chromedriver"/>
  </testcase>
  <testcase name="searchResult" classname="tests.shoppingFunctionality" time="0">
    <skipped message="The driver executable must exist: /Users/priyankaverma/amazonFramework/./chromedriver"/>
  </testcase>
  <testcase name="sortFunctionality" classname="tests.shoppingFunctionality" time="0">
    <skipped message="The driver executable must exist: /Users/priyankaverma/amazonFramework/./chromedriver"/>
  </testcase>
  <testcase name="launchApplication" classname="tests.homePage" time="2.018">
    <failure message="The driver executable must exist: /Users/priyankaverma/amazonFramework/./chromedriver" type="java.lang.IllegalStateException"><![CDATA[java.lang.IllegalStateException: The driver executable must exist: /Users/priyankaverma/amazonFramework/./chromedriver
	at org.openqa.selenium.internal.Require$FileStateChecker.isFile(Require.java:345)
	at org.openqa.selenium.remote.service.DriverService.checkExecutable(DriverService.java:161)
	at org.openqa.selenium.remote.service.DriverService.findExecutable(DriverService.java:156)
	at org.openqa.selenium.chrome.ChromeDriverService.access$000(ChromeDriverService.java:42)
	at org.openqa.selenium.chrome.ChromeDriverService$Builder.findDefaultExecutable(ChromeDriverService.java:315)
	at org.openqa.selenium.remote.service.DriverService$Builder.build(DriverService.java:456)
	at org.openqa.selenium.chrome.ChromeDriverService.createServiceWithConfig(ChromeDriverService.java:165)
	at org.openqa.selenium.chrome.ChromeDriver.<init>(ChromeDriver.java:71)
	at mainTestComponents.BaseTest.initializeDriver(BaseTest.java:41)
	at mainTestComponents.BaseTest.launchApplication(BaseTest.java:72)
	at java.base/jdk.internal.reflect.NativeMethodAccessorImpl.invoke0(Native Method)
	at java.base/jdk.internal.reflect.NativeMethodAccessorImpl.invoke(NativeMethodAccessorImpl.java:77)
	at java.base/jdk.internal.reflect.DelegatingMethodAccessorImpl.invoke(DelegatingMethodAccessorImpl.java:43)
	at java.base/java.lang.reflect.Method.invoke(Method.java:568)
	at org.testng.internal.invokers.MethodInvocationHelper.invokeMethod(MethodInvocationHelper.java:139)
	at org.testng.internal.invokers.MethodInvocationHelper.invokeMethodConsideringTimeout(MethodInvocationHelper.java:69)
	at org.testng.internal.invokers.ConfigInvoker.invokeConfigurationMethod(ConfigInvoker.java:361)
	at org.testng.internal.invokers.ConfigInvoker.invokeConfigurations(ConfigInvoker.java:296)
	at org.testng.internal.invokers.TestInvoker.runConfigMethods(TestInvoker.java:823)
	at org.testng.internal.invokers.TestInvoker.invokeMethod(TestInvoker.java:590)
	at org.testng.internal.invokers.TestInvoker.invokeTestMethod(TestInvoker.java:221)
	at org.testng.internal.invokers.MethodRunner.runInSequence(MethodRunner.java:50)
	at org.testng.internal.invokers.TestInvoker$MethodInvocationAgent.invoke(TestInvoker.java:969)
	at org.testng.internal.invokers.TestInvoker.invokeTestMethods(TestInvoker.java:194)
	at org.testng.internal.invokers.TestMethodWorker.invokeTestMethods(TestMethodWorker.java:148)
	at org.testng.internal.invokers.TestMethodWorker.run(TestMethodWorker.java:128)
	at java.base/java.util.concurrent.ThreadPoolExecutor.runWorker(ThreadPoolExecutor.java:1136)
	at java.base/java.util.concurrent.ThreadPoolExecutor$Worker.run(ThreadPoolExecutor.java:635)
	at java.base/java.lang.Thread.run(Thread.java:833)
]]></failure>
  </testcase>
  <testcase name="launchApplication" classname="tests.homePage" time="0">
    <skipped/>
  </testcase>
  <testcase name="launchApplication" classname="tests.homePage" time="0">
    <skipped/>
  </testcase>
  <testcase name="launchApplication" classname="tests.homePage" time="0">
    <skipped/>
  </testcase>
  <testcase name="launchApplication" classname="tests.homePage" time="0">
    <skipped/>
  </testcase>
  <testcase name="launchApplication" classname="tests.homePage" time="0">
    <skipped/>
  </testcase>
  <testcase name="launchApplication" classname="tests.homePage" time="0">
    <skipped/>
  </testcase>
  <testcase name="categorizedProducts" classname="tests.homePage" time="0">
    <skipped message="The driver executable must exist: /Users/priyankaverma/amazonFramework/./chromedriver"/>
  </testcase>
  <testcase name="closing" classname="tests.homePage" time="0">
    <skipped/>
  </testcase>
  <testcase name="closing" classname="tests.homePage" time="0">
    <skipped/>
  </testcase>
  <testcase name="closing" classname="tests.homePage" time="0">
    <skipped/>
  </testcase>
  <testcase name="closing" classname="tests.homePage" time="0">
    <skipped/>
  </testcase>
  <testcase name="closing" classname="tests.homePage" time="0">
    <skipped/>
  </testcase>
  <testcase name="closing" classname="tests.homePage" time="0">
    <skipped/>
  </testcase>
  <testcase name="closing" classname="tests.homePage" time="0">
    <skipped/>
  </testcase>
  <testcase name="footerSection" classname="tests.homePage" time="0">
    <skipped message="The driver executable must exist: /Users/priyankaverma/amazonFramework/./chromedriver"/>
  </testcase>
  <testcase name="homePageSignIn" classname="tests.homePage" time="0">
    <skipped message="The driver executable must exist: /Users/priyankaverma/amazonFramework/./chromedriver"/>
  </testcase>
  <testcase name="hovering" classname="tests.homePage" time="0">
    <skipped message="The driver executable must exist: /Users/priyankaverma/amazonFramework/./chromedriver"/>
  </testcase>
  <testcase name="productLinks" classname="tests.homePage" time="0">
    <skipped message="The driver executable must exist: /Users/priyankaverma/amazonFramework/./chromedriver"/>
  </testcase>
  <testcase name="productsContainerDisplay" classname="tests.homePage" time="0">
    <skipped message="The driver executable must exist: /Users/priyankaverma/amazonFramework/./chromedriver"/>
  </testcase>
  <testcase name="validText" classname="tests.homePage" time="0">
    <skipped message="The driver executable must exist: /Users/priyankaverma/amazonFramework/./chromedriver"/>
  </testcase>
  <testcase name="launchApplication" classname="tests.errorValidation" time="2.018">
    <failure message="The driver executable must exist: /Users/priyankaverma/amazonFramework/./chromedriver" type="java.lang.IllegalStateException"><![CDATA[java.lang.IllegalStateException: The driver executable must exist: /Users/priyankaverma/amazonFramework/./chromedriver
	at org.openqa.selenium.internal.Require$FileStateChecker.isFile(Require.java:345)
	at org.openqa.selenium.remote.service.DriverService.checkExecutable(DriverService.java:161)
	at org.openqa.selenium.remote.service.DriverService.findExecutable(DriverService.java:156)
	at org.openqa.selenium.chrome.ChromeDriverService.access$000(ChromeDriverService.java:42)
	at org.openqa.selenium.chrome.ChromeDriverService$Builder.findDefaultExecutable(ChromeDriverService.java:315)
	at org.openqa.selenium.remote.service.DriverService$Builder.build(DriverService.java:456)
	at org.openqa.selenium.chrome.ChromeDriverService.createServiceWithConfig(ChromeDriverService.java:165)
	at org.openqa.selenium.chrome.ChromeDriver.<init>(ChromeDriver.java:71)
	at mainTestComponents.BaseTest.initializeDriver(BaseTest.java:41)
	at mainTestComponents.BaseTest.launchApplication(BaseTest.java:72)
	at java.base/jdk.internal.reflect.NativeMethodAccessorImpl.invoke0(Native Method)
	at java.base/jdk.internal.reflect.NativeMethodAccessorImpl.invoke(NativeMethodAccessorImpl.java:77)
	at java.base/jdk.internal.reflect.DelegatingMethodAccessorImpl.invoke(DelegatingMethodAccessorImpl.java:43)
	at java.base/java.lang.reflect.Method.invoke(Method.java:568)
	at org.testng.internal.invokers.MethodInvocationHelper.invokeMethod(MethodInvocationHelper.java:139)
	at org.testng.internal.invokers.MethodInvocationHelper.invokeMethodConsideringTimeout(MethodInvocationHelper.java:69)
	at org.testng.internal.invokers.ConfigInvoker.invokeConfigurationMethod(ConfigInvoker.java:361)
	at org.testng.internal.invokers.ConfigInvoker.invokeConfigurations(ConfigInvoker.java:296)
	at org.testng.internal.invokers.TestInvoker.runConfigMethods(TestInvoker.java:823)
	at org.testng.internal.invokers.TestInvoker.invokeMethod(TestInvoker.java:590)
	at org.testng.internal.invokers.TestInvoker.invokeTestMethod(TestInvoker.java:221)
	at org.testng.internal.invokers.MethodRunner.runInSequence(MethodRunner.java:50)
	at org.testng.internal.invokers.TestInvoker$MethodInvocationAgent.invoke(TestInvoker.java:969)
	at org.testng.internal.invokers.TestInvoker.invokeTestMethods(TestInvoker.java:194)
	at org.testng.internal.invokers.TestMethodWorker.invokeTestMethods(TestMethodWorker.java:148)
	at org.testng.internal.invokers.TestMethodWorker.run(TestMethodWorker.java:128)
	at java.base/java.util.concurrent.ThreadPoolExecutor.runWorker(ThreadPoolExecutor.java:1136)
	at java.base/java.util.concurrent.ThreadPoolExecutor$Worker.run(ThreadPoolExecutor.java:635)
	at java.base/java.lang.Thread.run(Thread.java:833)
]]></failure>
  </testcase>
  <testcase name="validation" classname="tests.errorValidation" time="0">
    <skipped message="The driver executable must exist: /Users/priyankaverma/amazonFramework/./chromedriver"/>
  </testcase>
  <testcase name="closing" classname="tests.errorValidation" time="0">
    <skipped/>
  </testcase>
  <testcase name="launchApplication" classname="tests.signInFunctionality" time="2.018">
    <failure message="The driver executable must exist: /Users/priyankaverma/amazonFramework/./chromedriver" type="java.lang.IllegalStateException"><![CDATA[java.lang.IllegalStateException: The driver executable must exist: /Users/priyankaverma/amazonFramework/./chromedriver
	at org.openqa.selenium.internal.Require$FileStateChecker.isFile(Require.java:345)
	at org.openqa.selenium.remote.service.DriverService.checkExecutable(DriverService.java:161)
	at org.openqa.selenium.remote.service.DriverService.findExecutable(DriverService.java:156)
	at org.openqa.selenium.chrome.ChromeDriverService.access$000(ChromeDriverService.java:42)
	at org.openqa.selenium.chrome.ChromeDriverService$Builder.findDefaultExecutable(ChromeDriverService.java:315)
	at org.openqa.selenium.remote.service.DriverService$Builder.build(DriverService.java:456)
	at org.openqa.selenium.chrome.ChromeDriverService.createServiceWithConfig(ChromeDriverService.java:165)
	at org.openqa.selenium.chrome.ChromeDriver.<init>(ChromeDriver.java:71)
	at mainTestComponents.BaseTest.initializeDriver(BaseTest.java:41)
	at mainTestComponents.BaseTest.launchApplication(BaseTest.java:72)
	at java.base/jdk.internal.reflect.NativeMethodAccessorImpl.invoke0(Native Method)
	at java.base/jdk.internal.reflect.NativeMethodAccessorImpl.invoke(NativeMethodAccessorImpl.java:77)
	at java.base/jdk.internal.reflect.DelegatingMethodAccessorImpl.invoke(DelegatingMethodAccessorImpl.java:43)
	at java.base/java.lang.reflect.Method.invoke(Method.java:568)
	at org.testng.internal.invokers.MethodInvocationHelper.invokeMethod(MethodInvocationHelper.java:139)
	at org.testng.internal.invokers.MethodInvocationHelper.invokeMethodConsideringTimeout(MethodInvocationHelper.java:69)
	at org.testng.internal.invokers.ConfigInvoker.invokeConfigurationMethod(ConfigInvoker.java:361)
	at org.testng.internal.invokers.ConfigInvoker.invokeConfigurations(ConfigInvoker.java:296)
	at org.testng.internal.invokers.TestInvoker.runConfigMethods(TestInvoker.java:823)
	at org.testng.internal.invokers.TestInvoker.invokeMethod(TestInvoker.java:590)
	at org.testng.internal.invokers.TestInvoker.invokeTestMethod(TestInvoker.java:221)
	at org.testng.internal.invokers.MethodRunner.runInSequence(MethodRunner.java:50)
	at org.testng.internal.invokers.TestInvoker$MethodInvocationAgent.invoke(TestInvoker.java:969)
	at org.testng.internal.invokers.TestInvoker.invokeTestMethods(TestInvoker.java:194)
	at org.testng.internal.invokers.TestMethodWorker.invokeTestMethods(TestMethodWorker.java:148)
	at org.testng.internal.invokers.TestMethodWorker.run(TestMethodWorker.java:128)
	at java.base/java.util.concurrent.ThreadPoolExecutor.runWorker(ThreadPoolExecutor.java:1136)
	at java.base/java.util.concurrent.ThreadPoolExecutor$Worker.run(ThreadPoolExecutor.java:635)
	at java.base/java.lang.Thread.run(Thread.java:833)
]]></failure>
  </testcase>
  <testcase name="validLogin" classname="tests.signInFunctionality" time="0">
    <skipped message="The driver executable must exist: /Users/priyankaverma/amazonFramework/./chromedriver"/>
  </testcase>
  <testcase name="closing" classname="tests.signInFunctionality" time="0">
    <skipped/>
  </testcase>
</testsuite>