<?xml version="1.0" encoding="UTF-8"?>
<testng-results retried="1" ignored="0" total="13" passed="12" failed="0" skipped="0">
  <reporter-output>
  </reporter-output>
  <suite started-at="2023-03-29T12:06:18 EDT" name="All Test Suite" finished-at="2023-03-29T12:12:38 EDT" duration-ms="379701">
    <groups>
    </groups>
    <test started-at="2023-03-29T12:06:18 EDT" name="/Users/priyankaverma/amazonFramework" finished-at="2023-03-29T12:12:38 EDT" duration-ms="379701">
      <class name="tests.shoppingTest">
        <test-method is-config="true" signature="launchApplication()[pri:0, instance:tests.shoppingTest@537f60bf]" started-at="2023-03-29T12:10:13 EDT" name="launchApplication" finished-at="2023-03-29T12:10:25 EDT" duration-ms="12168" status="PASS">
          <reporter-output>
          </reporter-output>
        </test-method> <!-- launchApplication -->
        <test-method signature="addProductToCart()[pri:0, instance:tests.shoppingTest@537f60bf]" started-at="2023-03-29T12:10:25 EDT" name="addProductToCart" finished-at="2023-03-29T12:10:54 EDT" duration-ms="29398" status="PASS">
          <reporter-output>
          </reporter-output>
        </test-method> <!-- addProductToCart -->
        <test-method is-config="true" signature="closing()[pri:0, instance:tests.shoppingTest@537f60bf]" started-at="2023-03-29T12:10:54 EDT" name="closing" finished-at="2023-03-29T12:10:55 EDT" duration-ms="459" status="PASS">
          <reporter-output>
          </reporter-output>
        </test-method> <!-- closing -->
        <test-method is-config="true" signature="launchApplication()[pri:0, instance:tests.shoppingTest@537f60bf]" started-at="2023-03-29T12:10:55 EDT" name="launchApplication" finished-at="2023-03-29T12:11:07 EDT" duration-ms="12098" status="PASS">
          <reporter-output>
          </reporter-output>
        </test-method> <!-- launchApplication -->
        <test-method signature="buyNowButton()[pri:0, instance:tests.shoppingTest@537f60bf]" started-at="2023-03-29T12:11:07 EDT" name="buyNowButton" finished-at="2023-03-29T12:11:24 EDT" duration-ms="16961" status="PASS">
          <reporter-output>
          </reporter-output>
        </test-method> <!-- buyNowButton -->
        <test-method is-config="true" signature="closing()[pri:0, instance:tests.shoppingTest@537f60bf]" started-at="2023-03-29T12:11:24 EDT" name="closing" finished-at="2023-03-29T12:11:24 EDT" duration-ms="464" status="PASS">
          <reporter-output>
          </reporter-output>
        </test-method> <!-- closing -->
        <test-method is-config="true" signature="launchApplication()[pri:0, instance:tests.shoppingTest@537f60bf]" started-at="2023-03-29T12:11:24 EDT" name="launchApplication" finished-at="2023-03-29T12:11:38 EDT" duration-ms="13086" status="PASS">
          <reporter-output>
          </reporter-output>
        </test-method> <!-- launchApplication -->
        <test-method signature="editQuantity()[pri:0, instance:tests.shoppingTest@537f60bf]" started-at="2023-03-29T12:11:38 EDT" name="editQuantity" finished-at="2023-03-29T12:12:04 EDT" duration-ms="26600" status="PASS">
          <reporter-output>
          </reporter-output>
        </test-method> <!-- editQuantity -->
        <test-method is-config="true" signature="closing()[pri:0, instance:tests.shoppingTest@537f60bf]" started-at="2023-03-29T12:12:04 EDT" name="closing" finished-at="2023-03-29T12:12:05 EDT" duration-ms="487" status="PASS">
          <reporter-output>
          </reporter-output>
        </test-method> <!-- closing -->
        <test-method is-config="true" signature="launchApplication()[pri:0, instance:tests.shoppingTest@537f60bf]" started-at="2023-03-29T12:12:05 EDT" name="launchApplication" finished-at="2023-03-29T12:12:16 EDT" duration-ms="11269" status="PASS">
          <reporter-output>
          </reporter-output>
        </test-method> <!-- launchApplication -->
        <test-method signature="removeProductsFromCart()[pri:0, instance:tests.shoppingTest@537f60bf]" started-at="2023-03-29T12:12:16 EDT" name="removeProductsFromCart" finished-at="2023-03-29T12:12:38 EDT" duration-ms="21999" status="PASS">
          <reporter-output>
          </reporter-output>
        </test-method> <!-- removeProductsFromCart -->
        <test-method is-config="true" signature="closing()[pri:0, instance:tests.shoppingTest@537f60bf]" started-at="2023-03-29T12:12:38 EDT" name="closing" finished-at="2023-03-29T12:12:38 EDT" duration-ms="280" status="PASS">
          <reporter-output>
          </reporter-output>
        </test-method> <!-- closing -->
      </class> <!-- tests.shoppingTest -->
      <class name="tests.errorValidation">
        <test-method is-config="true" signature="launchApplication()[pri:0, instance:tests.errorValidation@7b36aa0c]" started-at="2023-03-29T12:07:48 EDT" name="launchApplication" finished-at="2023-03-29T12:08:01 EDT" duration-ms="12879" status="PASS">
          <reporter-output>
          </reporter-output>
        </test-method> <!-- launchApplication -->
        <test-method signature="validation()[pri:0, instance:tests.errorValidation@7b36aa0c]" started-at="2023-03-29T12:08:01 EDT" name="validation" finished-at="2023-03-29T12:08:02 EDT" duration-ms="1144" status="PASS">
          <reporter-output>
          </reporter-output>
        </test-method> <!-- validation -->
        <test-method is-config="true" signature="closing()[pri:0, instance:tests.errorValidation@7b36aa0c]" started-at="2023-03-29T12:08:02 EDT" name="closing" finished-at="2023-03-29T12:08:02 EDT" duration-ms="312" status="PASS">
          <reporter-output>
          </reporter-output>
        </test-method> <!-- closing -->
      </class> <!-- tests.errorValidation -->
      <class name="tests.homePage">
        <test-method is-config="true" signature="launchApplication()[pri:0, instance:tests.homePage@5824a83d]" started-at="2023-03-29T12:08:02 EDT" name="launchApplication" finished-at="2023-03-29T12:08:15 EDT" duration-ms="12650" status="PASS">
          <reporter-output>
          </reporter-output>
        </test-method> <!-- launchApplication -->
        <test-method signature="createNewAccount()[pri:0, instance:tests.homePage@5824a83d]" started-at="2023-03-29T12:08:15 EDT" name="createNewAccount" finished-at="2023-03-29T12:08:18 EDT" duration-ms="3323" status="PASS">
          <reporter-output>
          </reporter-output>
        </test-method> <!-- createNewAccount -->
        <test-method is-config="true" signature="closing()[pri:0, instance:tests.homePage@5824a83d]" started-at="2023-03-29T12:08:18 EDT" name="closing" finished-at="2023-03-29T12:08:18 EDT" duration-ms="322" status="PASS">
          <reporter-output>
          </reporter-output>
        </test-method> <!-- closing -->
        <test-method is-config="true" signature="launchApplication()[pri:0, instance:tests.homePage@5824a83d]" started-at="2023-03-29T12:08:18 EDT" name="launchApplication" finished-at="2023-03-29T12:08:32 EDT" duration-ms="13553" status="PASS">
          <reporter-output>
          </reporter-output>
        </test-method> <!-- launchApplication -->
        <test-method signature="invalidUsername()[pri:0, instance:tests.homePage@5824a83d]" started-at="2023-03-29T12:08:32 EDT" name="invalidUsername" finished-at="2023-03-29T12:08:37 EDT" duration-ms="5395" status="PASS">
          <reporter-output>
          </reporter-output>
        </test-method> <!-- invalidUsername -->
        <test-method is-config="true" signature="closing()[pri:0, instance:tests.homePage@5824a83d]" started-at="2023-03-29T12:08:37 EDT" name="closing" finished-at="2023-03-29T12:08:38 EDT" duration-ms="231" status="PASS">
          <reporter-output>
          </reporter-output>
        </test-method> <!-- closing -->
        <test-method is-config="true" signature="launchApplication()[pri:0, instance:tests.homePage@5824a83d]" started-at="2023-03-29T12:08:38 EDT" name="launchApplication" finished-at="2023-03-29T12:08:49 EDT" duration-ms="11676" status="PASS">
          <reporter-output>
          </reporter-output>
        </test-method> <!-- launchApplication -->
        <test-method signature="leavingPasswordBlank()[pri:0, instance:tests.homePage@5824a83d]" started-at="2023-03-29T12:08:49 EDT" name="leavingPasswordBlank" finished-at="2023-03-29T12:08:54 EDT" duration-ms="4305" status="PASS">
          <reporter-output>
          </reporter-output>
        </test-method> <!-- leavingPasswordBlank -->
        <test-method is-config="true" signature="closing()[pri:0, instance:tests.homePage@5824a83d]" started-at="2023-03-29T12:08:54 EDT" name="closing" finished-at="2023-03-29T12:08:54 EDT" duration-ms="305" status="PASS">
          <reporter-output>
          </reporter-output>
        </test-method> <!-- closing -->
        <test-method is-config="true" signature="launchApplication()[pri:0, instance:tests.homePage@5824a83d]" started-at="2023-03-29T12:08:54 EDT" name="launchApplication" finished-at="2023-03-29T12:09:05 EDT" duration-ms="10970" status="PASS">
          <reporter-output>
          </reporter-output>
        </test-method> <!-- launchApplication -->
        <test-method signature="leavingUsernameBlank()[pri:0, instance:tests.homePage@5824a83d]" started-at="2023-03-29T12:09:05 EDT" name="leavingUsernameBlank" finished-at="2023-03-29T12:09:08 EDT" duration-ms="2864" status="PASS">
          <reporter-output>
          </reporter-output>
        </test-method> <!-- leavingUsernameBlank -->
        <test-method is-config="true" signature="closing()[pri:0, instance:tests.homePage@5824a83d]" started-at="2023-03-29T12:09:08 EDT" name="closing" finished-at="2023-03-29T12:09:08 EDT" duration-ms="366" status="PASS">
          <reporter-output>
          </reporter-output>
        </test-method> <!-- closing -->
        <test-method is-config="true" signature="launchApplication()[pri:0, instance:tests.homePage@5824a83d]" started-at="2023-03-29T12:09:08 EDT" name="launchApplication" finished-at="2023-03-29T12:09:23 EDT" duration-ms="14991" status="PASS">
          <reporter-output>
          </reporter-output>
        </test-method> <!-- launchApplication -->
        <test-method signature="validLogin()[pri:0, instance:tests.homePage@5824a83d]" started-at="2023-03-29T12:09:23 EDT" name="validLogin" finished-at="2023-03-29T12:09:36 EDT" duration-ms="13248" status="PASS">
          <reporter-output>
          </reporter-output>
        </test-method> <!-- validLogin -->
        <test-method is-config="true" signature="closing()[pri:0, instance:tests.homePage@5824a83d]" started-at="2023-03-29T12:09:36 EDT" name="closing" finished-at="2023-03-29T12:09:37 EDT" duration-ms="528" status="PASS">
          <reporter-output>
          </reporter-output>
        </test-method> <!-- closing -->
        <test-method is-config="true" signature="launchApplication()[pri:0, instance:tests.homePage@5824a83d]" started-at="2023-03-29T12:09:37 EDT" name="launchApplication" finished-at="2023-03-29T12:09:48 EDT" duration-ms="11187" status="PASS">
          <reporter-output>
          </reporter-output>
        </test-method> <!-- launchApplication -->
        <test-method retried="true" signature="validUsername()[pri:0, instance:tests.homePage@5824a83d]" started-at="2023-03-29T12:09:48 EDT" name="validUsername" finished-at="2023-03-29T12:09:53 EDT" duration-ms="5082" status="SKIP">
          <exception class="org.openqa.selenium.json.JsonException">
            <message>
              <![CDATA[java.lang.reflect.InvocationTargetException
Build info: version: '4.8.1', revision: '8ebccac989'
System info: os.name: 'Mac OS X', os.arch: 'x86_64', os.version: '13.2.1', java.version: '17.0.2'
Driver info: org.openqa.selenium.chrome.ChromeDriver
Command: [a6ed569bb8329a3fe2e4be1216f7e149, actions {actions=[org.openqa.selenium.interactions.Sequence@6e1b7293]}]
Capabilities {acceptInsecureCerts: false, browserName: chrome, browserVersion: 111.0.5563.146, chrome: {chromedriverVersion: 111.0.5563.64 (c710e93d5b63..., userDataDir: /var/folders/1j/v9fd2x_s65v...}, goog:chromeOptions: {debuggerAddress: localhost:54936}, networkConnectionEnabled: false, pageLoadStrategy: normal, platformName: MAC, proxy: Proxy(), se:cdp: ws://localhost:54936/devtoo..., se:cdpVersion: 111.0.5563.146, setWindowRect: true, strictFileInteractability: false, timeouts: {implicit: 0, pageLoad: 300000, script: 30000}, unhandledPromptBehavior: dismiss and notify, webauthn:extension:credBlob: true, webauthn:extension:largeBlob: true, webauthn:extension:minPinLength: true, webauthn:extension:prf: true, webauthn:virtualAuthenticators: true}
Session ID: a6ed569bb8329a3fe2e4be1216f7e149]]>
            </message>
            <full-stacktrace>
              <![CDATA[org.openqa.selenium.json.JsonException: java.lang.reflect.InvocationTargetException
Build info: version: '4.8.1', revision: '8ebccac989'
System info: os.name: 'Mac OS X', os.arch: 'x86_64', os.version: '13.2.1', java.version: '17.0.2'
Driver info: org.openqa.selenium.chrome.ChromeDriver
Command: [a6ed569bb8329a3fe2e4be1216f7e149, actions {actions=[org.openqa.selenium.interactions.Sequence@6e1b7293]}]
Capabilities {acceptInsecureCerts: false, browserName: chrome, browserVersion: 111.0.5563.146, chrome: {chromedriverVersion: 111.0.5563.64 (c710e93d5b63..., userDataDir: /var/folders/1j/v9fd2x_s65v...}, goog:chromeOptions: {debuggerAddress: localhost:54936}, networkConnectionEnabled: false, pageLoadStrategy: normal, platformName: MAC, proxy: Proxy(), se:cdp: ws://localhost:54936/devtoo..., se:cdpVersion: 111.0.5563.146, setWindowRect: true, strictFileInteractability: false, timeouts: {implicit: 0, pageLoad: 300000, script: 30000}, unhandledPromptBehavior: dismiss and notify, webauthn:extension:credBlob: true, webauthn:extension:largeBlob: true, webauthn:extension:minPinLength: true, webauthn:extension:prf: true, webauthn:virtualAuthenticators: true}
Session ID: a6ed569bb8329a3fe2e4be1216f7e149
at org.openqa.selenium.json.JsonOutput.convertUsingMethod(JsonOutput.java:362)
at org.openqa.selenium.json.JsonOutput.lambda$new$16(JsonOutput.java:154)
at org.openqa.selenium.json.JsonOutput.write(JsonOutput.java:287)
at org.openqa.selenium.json.JsonOutput.lambda$new$22(JsonOutput.java:169)
at java.base/java.util.stream.ForEachOps$ForEachOp$OfRef.accept(ForEachOps.java:183)
at java.base/java.util.stream.ReferencePipeline$2$1.accept(ReferencePipeline.java:179)
at java.base/java.util.Iterator.forEachRemaining(Iterator.java:133)
at java.base/java.util.Spliterators$IteratorSpliterator.forEachRemaining(Spliterators.java:1845)
at java.base/java.util.stream.AbstractPipeline.copyInto(AbstractPipeline.java:509)
at java.base/java.util.stream.AbstractPipeline.wrapAndCopyInto(AbstractPipeline.java:499)
at java.base/java.util.stream.ForEachOps$ForEachOp.evaluateSequential(ForEachOps.java:150)
at java.base/java.util.stream.ForEachOps$ForEachOp$OfRef.evaluateSequential(ForEachOps.java:173)
at java.base/java.util.stream.AbstractPipeline.evaluate(AbstractPipeline.java:234)
at java.base/java.util.stream.ReferencePipeline.forEach(ReferencePipeline.java:596)
at org.openqa.selenium.json.JsonOutput.lambda$new$23(JsonOutput.java:169)
at org.openqa.selenium.json.JsonOutput.write(JsonOutput.java:287)
at org.openqa.selenium.json.JsonOutput.lambda$new$24(JsonOutput.java:182)
at com.google.common.collect.SingletonImmutableBiMap.forEach(SingletonImmutableBiMap.java:68)
at org.openqa.selenium.json.JsonOutput.lambda$new$25(JsonOutput.java:177)
at org.openqa.selenium.json.JsonOutput.write(JsonOutput.java:287)
at org.openqa.selenium.json.JsonOutput.write(JsonOutput.java:278)
at org.openqa.selenium.json.Json.toJson(Json.java:42)
at org.openqa.selenium.remote.codec.AbstractHttpCommandCodec.encode(AbstractHttpCommandCodec.java:259)
at org.openqa.selenium.remote.codec.AbstractHttpCommandCodec.encode(AbstractHttpCommandCodec.java:122)
at org.openqa.selenium.remote.HttpCommandExecutor.execute(HttpCommandExecutor.java:172)
at org.openqa.selenium.remote.service.DriverCommandExecutor.invokeExecute(DriverCommandExecutor.java:167)
at org.openqa.selenium.remote.service.DriverCommandExecutor.execute(DriverCommandExecutor.java:142)
at org.openqa.selenium.remote.RemoteWebDriver.execute(RemoteWebDriver.java:543)
at org.openqa.selenium.remote.RemoteWebDriver.perform(RemoteWebDriver.java:611)
at org.openqa.selenium.interactions.Actions$BuiltAction.perform(Actions.java:567)
at pageObjects.landingPage.signInHover(landingPage.java:73)
at tests.homePage.validUsername(homePage.java:34)
at java.base/jdk.internal.reflect.NativeMethodAccessorImpl.invoke0(Native Method)
at java.base/jdk.internal.reflect.NativeMethodAccessorImpl.invoke(NativeMethodAccessorImpl.java:77)
at java.base/jdk.internal.reflect.DelegatingMethodAccessorImpl.invoke(DelegatingMethodAccessorImpl.java:43)
at java.base/java.lang.reflect.Method.invoke(Method.java:568)
at org.testng.internal.invokers.MethodInvocationHelper.invokeMethod(MethodInvocationHelper.java:139)
at org.testng.internal.invokers.TestInvoker.invokeMethod(TestInvoker.java:677)
at org.testng.internal.invokers.TestInvoker.invokeTestMethod(TestInvoker.java:221)
at org.testng.internal.invokers.MethodRunner.runInSequence(MethodRunner.java:50)
at org.testng.internal.invokers.TestInvoker$MethodInvocationAgent.invoke(TestInvoker.java:969)
at org.testng.internal.invokers.TestInvoker.invokeTestMethods(TestInvoker.java:194)
at org.testng.internal.invokers.TestMethodWorker.invokeTestMethods(TestMethodWorker.java:148)
at org.testng.internal.invokers.TestMethodWorker.run(TestMethodWorker.java:128)
at java.base/java.util.ArrayList.forEach(ArrayList.java:1511)
at org.testng.TestRunner.privateRun(TestRunner.java:829)
at org.testng.TestRunner.run(TestRunner.java:602)
at org.testng.SuiteRunner.runTest(SuiteRunner.java:437)
at org.testng.SuiteRunner$SuiteWorker.run(SuiteRunner.java:475)
at org.testng.internal.thread.ThreadUtil.lambda$execute$0(ThreadUtil.java:58)
at java.base/java.util.concurrent.FutureTask.run(FutureTask.java:264)
at java.base/java.util.concurrent.ThreadPoolExecutor.runWorker(ThreadPoolExecutor.java:1136)
at java.base/java.util.concurrent.ThreadPoolExecutor$Worker.run(ThreadPoolExecutor.java:635)
at java.base/java.lang.Thread.run(Thread.java:833)
Suppressed: org.openqa.selenium.json.JsonException: Attempting to close incomplete json stream
Build info: version: '4.8.1', revision: '8ebccac989'
System info: os.name: 'Mac OS X', os.arch: 'x86_64', os.version: '13.2.1', java.version: '17.0.2'
Driver info: driver.version: RemoteWebDriver
at org.openqa.selenium.json.JsonOutput.close(JsonOutput.java:303)
at org.openqa.selenium.json.Json.toJson(Json.java:40)
... 32 more
Caused by: java.lang.reflect.InvocationTargetException
at java.base/jdk.internal.reflect.NativeMethodAccessorImpl.invoke0(Native Method)
at java.base/jdk.internal.reflect.NativeMethodAccessorImpl.invoke(NativeMethodAccessorImpl.java:77)
at java.base/jdk.internal.reflect.DelegatingMethodAccessorImpl.invoke(DelegatingMethodAccessorImpl.java:43)
at java.base/java.lang.reflect.Method.invoke(Method.java:568)
at org.openqa.selenium.json.JsonOutput.convertUsingMethod(JsonOutput.java:358)
... 53 more
Caused by: org.openqa.selenium.NoSuchElementException: no such element: Unable to locate element: {"method":"css selector","selector":"#nav\-link\-accountList"}
  (Session info: chrome=111.0.5563.146)
For documentation on this error, please visit: https://selenium.dev/exceptions/#no_such_element
Build info: version: '4.8.1', revision: '8ebccac989'
System info: os.name: 'Mac OS X', os.arch: 'x86_64', os.version: '13.2.1', java.version: '17.0.2'
Driver info: org.openqa.selenium.chrome.ChromeDriver
Command: [a6ed569bb8329a3fe2e4be1216f7e149, findElement {using=id, value=nav-link-accountList}]
Capabilities {acceptInsecureCerts: false, browserName: chrome, browserVersion: 111.0.5563.146, chrome: {chromedriverVersion: 111.0.5563.64 (c710e93d5b63..., userDataDir: /var/folders/1j/v9fd2x_s65v...}, goog:chromeOptions: {debuggerAddress: localhost:54936}, networkConnectionEnabled: false, pageLoadStrategy: normal, platformName: MAC, proxy: Proxy(), se:cdp: ws://localhost:54936/devtoo..., se:cdpVersion: 111.0.5563.146, setWindowRect: true, strictFileInteractability: false, timeouts: {implicit: 0, pageLoad: 300000, script: 30000}, unhandledPromptBehavior: dismiss and notify, webauthn:extension:credBlob: true, webauthn:extension:largeBlob: true, webauthn:extension:minPinLength: true, webauthn:extension:prf: true, webauthn:virtualAuthenticators: true}
Session ID: a6ed569bb8329a3fe2e4be1216f7e149
at java.base/jdk.internal.reflect.NativeConstructorAccessorImpl.newInstance0(Native Method)
at java.base/jdk.internal.reflect.NativeConstructorAccessorImpl.newInstance(NativeConstructorAccessorImpl.java:77)
at java.base/jdk.internal.reflect.DelegatingConstructorAccessorImpl.newInstance(DelegatingConstructorAccessorImpl.java:45)
at java.base/java.lang.reflect.Constructor.newInstanceWithCaller(Constructor.java:499)
at java.base/java.lang.reflect.Constructor.newInstance(Constructor.java:480)
at org.openqa.selenium.remote.codec.w3c.W3CHttpResponseCodec.createException(W3CHttpResponseCodec.java:200)
at org.openqa.selenium.remote.codec.w3c.W3CHttpResponseCodec.decode(W3CHttpResponseCodec.java:133)
at org.openqa.selenium.remote.codec.w3c.W3CHttpResponseCodec.decode(W3CHttpResponseCodec.java:53)
at org.openqa.selenium.remote.HttpCommandExecutor.execute(HttpCommandExecutor.java:184)
at org.openqa.selenium.remote.service.DriverCommandExecutor.invokeExecute(DriverCommandExecutor.java:167)
at org.openqa.selenium.remote.service.DriverCommandExecutor.execute(DriverCommandExecutor.java:142)
at org.openqa.selenium.remote.RemoteWebDriver.execute(RemoteWebDriver.java:543)
at org.openqa.selenium.remote.ElementLocation$ElementFinder$2.findElement(ElementLocation.java:162)
at org.openqa.selenium.remote.ElementLocation.findElement(ElementLocation.java:66)
at org.openqa.selenium.remote.RemoteWebDriver.findElement(RemoteWebDriver.java:352)
at org.openqa.selenium.remote.RemoteWebDriver.findElement(RemoteWebDriver.java:344)
at org.openqa.selenium.support.pagefactory.DefaultElementLocator.findElement(DefaultElementLocator.java:70)
at org.openqa.selenium.support.pagefactory.internal.LocatingElementHandler.invoke(LocatingElementHandler.java:39)
at jdk.proxy2/jdk.proxy2.$Proxy14.getWrappedElement(Unknown Source)
at org.openqa.selenium.interactions.PointerInput$Origin.asArg(PointerInput.java:269)
at org.openqa.selenium.interactions.PointerInput$Move.encode(PointerInput.java:218)
at org.openqa.selenium.interactions.Sequence.encode(Sequence.java:73)
at org.openqa.selenium.interactions.Sequence.toJson(Sequence.java:82)
... 58 more
]]>
            </full-stacktrace>
          </exception> <!-- org.openqa.selenium.json.JsonException -->
          <reporter-output>
          </reporter-output>
        </test-method> <!-- validUsername -->
        <test-method is-config="true" signature="closing()[pri:0, instance:tests.homePage@5824a83d]" started-at="2023-03-29T12:09:53 EDT" name="closing" finished-at="2023-03-29T12:09:53 EDT" duration-ms="227" status="PASS">
          <reporter-output>
          </reporter-output>
        </test-method> <!-- closing -->
        <test-method is-config="true" signature="launchApplication()[pri:0, instance:tests.homePage@5824a83d]" started-at="2023-03-29T12:09:53 EDT" name="launchApplication" finished-at="2023-03-29T12:10:06 EDT" duration-ms="12820" status="PASS">
          <reporter-output>
          </reporter-output>
        </test-method> <!-- launchApplication -->
        <test-method signature="validUsername()[pri:0, instance:tests.homePage@5824a83d]" started-at="2023-03-29T12:10:06 EDT" name="validUsername" finished-at="2023-03-29T12:10:12 EDT" duration-ms="6232" status="PASS">
          <reporter-output>
          </reporter-output>
        </test-method> <!-- validUsername -->
        <test-method is-config="true" signature="closing()[pri:0, instance:tests.homePage@5824a83d]" started-at="2023-03-29T12:10:12 EDT" name="closing" finished-at="2023-03-29T12:10:13 EDT" duration-ms="408" status="PASS">
          <reporter-output>
          </reporter-output>
        </test-method> <!-- closing -->
      </class> <!-- tests.homePage -->
      <class name="tests.homePage2">
        <test-method is-config="true" signature="launchApplication()[pri:0, instance:tests.homePage2@4c1909a3]" started-at="2023-03-29T12:06:19 EDT" name="launchApplication" finished-at="2023-03-29T12:06:33 EDT" duration-ms="14239" status="PASS">
          <reporter-output>
          </reporter-output>
        </test-method> <!-- launchApplication -->
        <test-method signature="landingPage()[pri:0, instance:tests.homePage2@4c1909a3]" started-at="2023-03-29T12:06:33 EDT" name="landingPage" finished-at="2023-03-29T12:07:48 EDT" duration-ms="74912" status="PASS">
          <reporter-output>
          </reporter-output>
        </test-method> <!-- landingPage -->
        <test-method is-config="true" signature="closing()[pri:0, instance:tests.homePage2@4c1909a3]" started-at="2023-03-29T12:07:48 EDT" name="closing" finished-at="2023-03-29T12:07:48 EDT" duration-ms="112" status="PASS">
          <reporter-output>
          </reporter-output>
        </test-method> <!-- closing -->
      </class> <!-- tests.homePage2 -->
    </test> <!-- /Users/priyankaverma/amazonFramework -->
  </suite> <!-- All Test Suite -->
</testng-results>
