<?xml version="1.0" encoding="UTF-8"?>
<!-- Generated by org.testng.reporters.JUnitReportReporter -->
<testsuite hostname="Priyankas-MacBook-Air.local" failures="0" tests="8" name="tests.homePage" time="0.146" errors="1" timestamp="2023-04-18T19:07:07 EDT" skipped="7">
  <testcase classname="tests.homePage" name="hovering" time="0.000">
    <skipped/>
  </testcase> <!-- hovering -->
  <system-out/>
  <testcase classname="tests.homePage" name="homePageSignIn" time="0.000">
    <skipped/>
  </testcase> <!-- homePageSignIn -->
  <system-out/>
  <testcase classname="tests.homePage" name="launchApplication" time="0.145">
    <error message="The driver executable must exist: /Users/priyankaverma/amazonFramework/./chromedriver" type="java.lang.IllegalStateException">
      <![CDATA[java.lang.IllegalStateException: The driver executable must exist: /Users/priyankaverma/amazonFramework/./chromedriver
at org.openqa.selenium.internal.Require$FileStateChecker.isFile(Require.java:345)
at org.openqa.selenium.remote.service.DriverService.checkExecutable(DriverService.java:161)
at org.openqa.selenium.remote.service.DriverService.findExecutable(DriverService.java:156)
at org.openqa.selenium.chrome.ChromeDriverService.access$000(ChromeDriverService.java:42)
at org.openqa.selenium.chrome.ChromeDriverService$Builder.findDefaultExecutable(ChromeDriverService.java:315)
at org.openqa.selenium.remote.service.DriverService$Builder.build(DriverService.java:456)
at org.openqa.selenium.chrome.ChromeDriverService.createServiceWithConfig(ChromeDriverService.java:165)
at org.openqa.selenium.chrome.ChromeDriver.<init>(ChromeDriver.java:71)
at mainTestComponents.BaseTest.initializeDriver(BaseTest.java:41)
at mainTestComponents.BaseTest.launchApplication(BaseTest.java:72)
at java.base/jdk.internal.reflect.NativeMethodAccessorImpl.invoke0(Native Method)
at java.base/jdk.internal.reflect.NativeMethodAccessorImpl.invoke(NativeMethodAccessorImpl.java:77)
at java.base/jdk.internal.reflect.DelegatingMethodAccessorImpl.invoke(DelegatingMethodAccessorImpl.java:43)
at java.base/java.lang.reflect.Method.invoke(Method.java:568)
at org.testng.internal.invokers.MethodInvocationHelper.invokeMethod(MethodInvocationHelper.java:139)
at org.testng.internal.invokers.MethodInvocationHelper.invokeMethodConsideringTimeout(MethodInvocationHelper.java:69)
at org.testng.internal.invokers.ConfigInvoker.invokeConfigurationMethod(ConfigInvoker.java:361)
at org.testng.internal.invokers.ConfigInvoker.invokeConfigurations(ConfigInvoker.java:296)
at org.testng.internal.invokers.TestInvoker.runConfigMethods(TestInvoker.java:823)
at org.testng.internal.invokers.TestInvoker.invokeMethod(TestInvoker.java:590)
at org.testng.internal.invokers.TestInvoker.invokeTestMethod(TestInvoker.java:221)
at org.testng.internal.invokers.MethodRunner.runInSequence(MethodRunner.java:50)
at org.testng.internal.invokers.TestInvoker$MethodInvocationAgent.invoke(TestInvoker.java:969)
at org.testng.internal.invokers.TestInvoker.invokeTestMethods(TestInvoker.java:194)
at org.testng.internal.invokers.TestMethodWorker.invokeTestMethods(TestMethodWorker.java:148)
at org.testng.internal.invokers.TestMethodWorker.run(TestMethodWorker.java:128)
at java.base/java.util.concurrent.ThreadPoolExecutor.runWorker(ThreadPoolExecutor.java:1136)
at java.base/java.util.concurrent.ThreadPoolExecutor$Worker.run(ThreadPoolExecutor.java:635)
at java.base/java.lang.Thread.run(Thread.java:833)
]]>
    </error>
  </testcase> <!-- launchApplication -->
  <system-out/>
  <testcase classname="tests.homePage" name="footerSection" time="0.000">
    <skipped/>
  </testcase> <!-- footerSection -->
  <system-out/>
  <testcase classname="tests.homePage" name="validText" time="0.001">
    <skipped/>
  </testcase> <!-- validText -->
  <system-out/>
  <testcase classname="tests.homePage" name="categorizedProducts" time="0.000">
    <skipped/>
  </testcase> <!-- categorizedProducts -->
  <system-out/>
  <testcase classname="tests.homePage" name="productLinks" time="0.000">
    <skipped/>
  </testcase> <!-- productLinks -->
  <system-out/>
  <testcase classname="tests.homePage" name="productsContainerDisplay" time="0.000">
    <skipped/>
  </testcase> <!-- productsContainerDisplay -->
  <system-out/>
</testsuite> <!-- tests.homePage -->
